SF:lib/app/app.locator.dart
DA:23,3
DA:25,0
DA:30,0
DA:34,0
DA:35,0
DA:36,0
DA:37,0
DA:38,0
DA:39,0
DA:40,0
DA:41,0
DA:42,0
DA:43,0
DA:44,0
LF:14
LH:1
end_of_record
SF:lib/services/auth_service.dart
DA:12,0
DA:17,0
DA:18,0
DA:20,0
DA:26,0
DA:28,0
DA:30,0
DA:31,0
DA:36,0
DA:42,0
DA:44,0
DA:50,0
DA:51,0
DA:53,0
DA:54,0
DA:58,0
DA:60,0
DA:61,0
DA:63,0
DA:67,0
DA:68,0
DA:72,0
DA:74,0
LF:23
LH:0
end_of_record
SF:lib/services/firestore_service.dart
DA:41,0
DA:43,0
DA:44,0
DA:45,0
DA:46,0
DA:51,0
DA:56,0
DA:58,0
DA:59,0
DA:60,0
DA:62,0
DA:63,0
DA:67,0
DA:69,0
DA:72,0
DA:73,0
DA:74,0
DA:81,0
DA:82,0
DA:83,0
DA:85,0
DA:86,0
DA:90,0
DA:92,0
DA:93,0
DA:95,0
DA:96,0
DA:97,0
DA:99,0
DA:100,0
DA:101,0
DA:102,0
DA:104,0
DA:109,0
DA:114,0
DA:116,0
DA:117,0
DA:118,0
DA:120,0
DA:122,0
DA:124,0
DA:125,0
DA:126,0
DA:128,0
DA:129,0
DA:137,0
DA:139,0
DA:140,0
DA:141,0
DA:144,0
DA:145,0
DA:148,0
DA:152,0
DA:155,0
DA:160,0
DA:161,0
DA:164,0
DA:169,0
DA:171,0
DA:172,0
DA:175,0
DA:176,0
DA:177,0
DA:180,0
DA:185,0
DA:187,0
DA:188,0
DA:190,0
DA:192,0
DA:193,0
DA:194,0
DA:195,0
DA:197,0
DA:198,0
DA:199,0
DA:201,0
DA:203,0
DA:204,0
DA:208,0
DA:213,0
DA:215,0
DA:216,0
DA:217,0
DA:219,0
DA:220,0
DA:221,0
DA:222,0
DA:224,0
DA:225,0
DA:226,0
DA:228,0
DA:230,0
DA:231,0
DA:235,0
DA:236,0
DA:237,0
DA:240,0
DA:241,0
DA:247,0
DA:249,0
DA:250,0
DA:251,0
DA:253,0
DA:254,0
DA:255,0
DA:256,0
DA:258,0
DA:259,0
DA:263,0
DA:266,0
DA:267,0
DA:278,0
DA:279,0
DA:280,0
DA:282,0
DA:283,0
DA:284,0
DA:285,0
DA:287,0
DA:288,0
DA:291,0
DA:294,0
DA:295,0
DA:297,0
DA:300,0
DA:301,0
DA:303,0
DA:304,0
DA:305,0
DA:306,0
DA:307,0
DA:308,0
DA:314,0
DA:315,0
DA:318,0
DA:323,0
DA:326,0
DA:327,0
DA:329,0
DA:330,0
DA:336,0
DA:340,0
DA:342,0
DA:343,0
DA:344,0
DA:350,0
DA:354,0
DA:355,0
DA:357,0
DA:363,0
DA:371,0
DA:373,0
DA:374,0
DA:377,0
DA:378,0
DA:383,0
DA:389,0
DA:390,0
DA:391,0
DA:392,0
DA:393,0
DA:399,0
DA:400,0
DA:403,0
DA:408,0
DA:410,0
DA:411,0
DA:425,0
DA:426,0
DA:427,0
DA:428,0
DA:429,0
DA:435,0
DA:436,0
DA:439,0
DA:444,0
DA:446,0
DA:447,0
DA:449,0
DA:450,0
DA:451,0
DA:452,0
DA:454,0
DA:456,0
DA:458,0
DA:459,0
DA:460,0
DA:462,0
DA:463,0
DA:464,0
DA:467,0
DA:468,0
DA:470,0
DA:471,0
DA:475,0
DA:476,0
DA:477,0
DA:478,0
DA:479,0
DA:480,0
DA:482,0
DA:485,0
DA:486,0
DA:487,0
DA:489,0
DA:491,0
DA:492,0
DA:494,0
DA:495,0
DA:498,0
DA:500,0
DA:503,0
DA:504,0
DA:508,0
DA:513,0
DA:515,0
DA:516,0
DA:518,0
DA:519,0
DA:520,0
DA:521,0
DA:523,0
DA:525,0
DA:527,0
DA:528,0
DA:529,0
DA:531,0
DA:532,0
DA:533,0
DA:535,0
DA:538,0
DA:539,0
DA:541,0
DA:542,0
DA:546,0
DA:547,0
DA:548,0
DA:549,0
DA:550,0
DA:551,0
DA:553,0
DA:556,0
DA:557,0
DA:558,0
DA:559,0
DA:563,0
DA:564,0
DA:565,0
DA:566,0
DA:567,0
DA:568,0
DA:571,0
DA:573,0
DA:574,0
DA:576,0
DA:577,0
DA:580,0
DA:582,0
DA:585,0
DA:586,0
DA:590,0
DA:595,0
DA:597,0
DA:598,0
DA:600,0
DA:601,0
DA:602,0
DA:604,0
DA:605,0
DA:607,0
DA:610,0
DA:611,0
DA:612,0
DA:613,0
DA:617,0
DA:618,0
DA:619,0
DA:620,0
DA:621,0
DA:622,0
DA:625,0
DA:627,0
DA:628,0
DA:631,0
DA:633,0
DA:634,0
DA:638,0
DA:643,0
DA:645,0
DA:646,0
DA:648,0
DA:649,0
DA:650,0
DA:652,0
DA:653,0
DA:655,0
DA:658,0
DA:659,0
DA:660,0
DA:661,0
DA:665,0
DA:666,0
DA:667,0
DA:668,0
DA:669,0
DA:670,0
DA:673,0
DA:675,0
DA:676,0
DA:679,0
DA:681,0
DA:682,0
DA:686,0
DA:691,0
DA:693,0
DA:694,0
DA:695,0
DA:696,0
DA:697,0
DA:699,0
DA:705,0
DA:711,0
DA:712,0
DA:714,0
DA:715,0
DA:716,0
DA:717,0
DA:718,0
DA:719,0
DA:720,0
DA:722,0
DA:723,0
DA:728,0
DA:730,0
DA:731,0
DA:732,0
DA:733,0
DA:734,0
DA:735,0
DA:736,0
DA:738,0
DA:741,0
DA:744,0
DA:753,0
DA:754,0
DA:755,0
DA:756,0
DA:764,0
DA:775,0
DA:776,0
DA:782,0
DA:783,0
DA:784,0
DA:785,0
DA:786,0
DA:799,0
DA:801,0
DA:802,0
DA:805,0
DA:806,0
DA:807,0
DA:808,0
DA:809,0
DA:810,0
DA:812,0
DA:813,0
DA:815,0
DA:816,0
DA:826,0
DA:827,0
DA:829,0
DA:830,0
DA:835,0
DA:838,0
DA:840,0
DA:842,0
DA:843,0
DA:847,0
DA:852,0
DA:854,0
DA:855,0
DA:858,0
DA:863,0
DA:866,0
DA:867,0
DA:871,0
DA:872,0
DA:878,0
DA:883,0
DA:884,0
DA:887,0
DA:892,0
DA:894,0
DA:896,0
DA:898,0
DA:899,0
DA:900,0
DA:902,0
DA:909,0
DA:914,0
DA:916,0
DA:917,0
DA:920,0
DA:921,0
DA:922,0
DA:925,0
DA:930,0
DA:933,0
DA:934,0
DA:936,0
DA:937,0
DA:938,0
DA:944,0
DA:948,0
DA:949,0
DA:951,0
DA:961,0
DA:963,0
DA:964,0
DA:965,0
DA:967,0
DA:970,0
DA:971,0
DA:972,0
DA:973,0
DA:974,0
DA:978,0
DA:979,0
DA:981,0
DA:982,0
DA:983,0
DA:988,0
DA:989,0
DA:992,0
DA:997,0
DA:999,0
DA:1000,0
DA:1001,0
DA:1003,0
DA:1004,0
DA:1005,0
DA:1007,0
DA:1008,0
DA:1009,0
DA:1011,0
DA:1013,0
DA:1014,0
DA:1018,0
DA:1019,0
DA:1020,0
DA:1023,0
DA:1024,0
LF:452
LH:0
end_of_record
SF:lib/services/logger_service.dart
DA:8,0
DA:9,0
DA:16,0
DA:17,0
DA:18,0
DA:21,0
DA:22,0
DA:25,0
DA:26,0
LF:9
LH:0
end_of_record
SF:lib/services/sm2_service.dart
DA:12,0
DA:14,0
DA:15,0
DA:22,0
DA:23,0
LF:5
LH:0
end_of_record
SF:lib/services/spacedr_service.dart
DA:12,0
DA:14,0
DA:15,0
DA:22,0
DA:23,0
LF:5
LH:0
end_of_record
SF:lib/services/point_service.dart
DA:11,0
DA:14,0
DA:15,0
DA:18,0
DA:19,0
DA:22,0
DA:23,0
DA:29,0
LF:8
LH:0
end_of_record
SF:lib/services/notification_service.dart
DA:13,0
DA:18,0
DA:26,0
DA:28,0
DA:29,0
DA:30,0
DA:31,0
DA:49,0
DA:50,0
DA:51,0
DA:53,0
DA:60,0
DA:68,0
DA:69,0
DA:70,0
DA:73,0
DA:83,0
DA:84,0
DA:87,0
DA:95,0
DA:100,0
DA:117,0
DA:118,0
DA:119,0
DA:120,0
DA:122,0
DA:123,0
DA:146,0
DA:148,0
DA:152,0
DA:161,0
LF:31
LH:0
end_of_record
SF:lib/models/Deck/Deck.dart
DA:23,0
DA:27,93
DA:29,0
DA:30,0
DA:32,0
DA:33,0
LF:6
LH:1
end_of_record
SF:lib/models/Deck/Deck.g.dart
DA:9,0
DA:10,0
DA:11,0
DA:12,0
DA:13,0
DA:14,0
DA:15,0
DA:16,0
DA:18,0
DA:21,0
DA:22,0
DA:23,0
DA:24,0
DA:25,0
DA:26,0
DA:27,0
DA:28,0
DA:30,0
LF:18
LH:0
end_of_record
SF:lib/models/Flashcard/Flashcard.dart
DA:24,0
DA:25,0
DA:29,93
DA:31,0
DA:32,0
DA:34,0
DA:35,0
LF:7
LH:1
end_of_record
SF:lib/models/Flashcard/Flashcard.g.dart
DA:9,0
DA:10,0
DA:11,0
DA:12,0
DA:13,0
DA:14,0
DA:15,0
DA:16,0
DA:17,0
DA:18,0
DA:21,0
DA:22,0
DA:23,0
DA:24,0
DA:25,0
DA:26,0
DA:27,0
DA:28,0
DA:29,0
DA:30,0
DA:31,0
LF:21
LH:0
end_of_record
SF:lib/models/Badge/Badge.dart
DA:19,0
DA:23,0
DA:25,0
DA:26,0
DA:28,0
DA:29,0
LF:6
LH:0
end_of_record
SF:lib/models/Badge/Badge.g.dart
DA:9,0
DA:10,0
DA:11,0
DA:12,0
DA:13,0
DA:16,0
DA:17,0
DA:18,0
DA:19,0
DA:20,0
LF:10
LH:0
end_of_record
SF:lib/models/User/User.dart
DA:22,0
DA:26,0
DA:28,0
DA:29,0
DA:31,0
DA:32,0
LF:6
LH:0
end_of_record
SF:lib/models/User/User.g.dart
DA:9,0
DA:10,0
DA:11,0
DA:12,0
DA:13,0
DA:15,0
DA:16,0
DA:17,0
DA:20,0
DA:21,0
DA:22,0
DA:23,0
DA:24,0
DA:25,0
DA:26,0
DA:27,0
LF:16
LH:0
end_of_record
SF:lib/models/UserStats/UserStats.dart
DA:20,0
DA:21,0
DA:25,0
DA:27,0
DA:28,0
DA:30,0
DA:31,0
LF:7
LH:0
end_of_record
SF:lib/models/UserStats/UserStats.g.dart
DA:9,0
DA:10,0
DA:11,0
DA:12,0
DA:13,0
DA:14,0
DA:17,0
DA:18,0
DA:19,0
DA:20,0
DA:21,0
DA:22,0
DA:23,0
LF:13
LH:0
end_of_record
SF:lib/app/app.bottomsheets.dart
DA:16,0
DA:17,0
DA:19,0
DA:20,0
DA:21,0
DA:24,0
LF:6
LH:0
end_of_record
SF:lib/ui/views/home/home_viewmodel.dart
DA:39,0
DA:40,0
DA:42,0
DA:43,0
DA:44,0
DA:45,0
DA:46,0
DA:47,0
DA:48,0
DA:52,0
DA:55,0
DA:56,0
DA:60,0
DA:63,0
DA:64,0
DA:65,0
DA:66,0
DA:70,0
DA:74,0
DA:75,0
DA:76,0
DA:77,0
DA:78,0
DA:79,0
DA:83,0
DA:84,0
DA:87,0
DA:89,0
DA:92,0
DA:93,0
DA:94,0
DA:95,0
DA:97,0
DA:100,0
DA:104,0
DA:105,0
DA:106,0
DA:107,0
DA:109,0
DA:114,0
DA:115,0
DA:117,0
DA:122,0
DA:124,0
DA:127,0
DA:128,0
DA:132,0
DA:133,0
DA:136,0
DA:137,0
DA:140,0
DA:141,0
DA:144,0
DA:145,0
DA:146,0
DA:149,0
DA:150,0
DA:151,0
DA:154,0
DA:155,0
DA:159,0
DA:160,0
DA:163,1
DA:164,2
DA:171,0
DA:173,0
DA:174,0
DA:176,0
DA:177,0
DA:179,0
DA:180,0
DA:182,0
DA:183,0
DA:185,0
DA:186,0
LF:75
LH:2
end_of_record
SF:lib/ui/bottom_sheets/notice/notice_sheet.dart
DA:12,0
DA:16,0
DA:18,0
DA:24,0
DA:33,0
DA:36,0
DA:37,0
DA:38,0
DA:42,0
DA:43,0
DA:54,0
DA:55,0
LF:12
LH:0
end_of_record
SF:lib/app/app.router.dart
DA:375,0
DA:376,0
DA:377,0
DA:378,0
DA:382,1
DA:386,0
DA:388,0
DA:391,0
DA:394,0
DA:397,0
DA:399,0
DA:404,1
DA:408,0
DA:410,0
DA:413,0
DA:416,0
DA:419,0
DA:421,0
DA:426,1
DA:430,0
DA:432,0
DA:435,0
DA:438,0
DA:441,0
DA:443,0
DA:448,0
DA:457,0
DA:459,0
DA:462,0
DA:465,0
DA:468,0
DA:470,0
DA:475,0
DA:487,0
DA:489,0
DA:492,0
DA:495,0
DA:496,0
DA:497,0
DA:500,0
DA:502,0
DA:507,0
DA:519,0
DA:521,0
DA:524,0
DA:527,0
DA:528,0
DA:529,0
DA:532,0
DA:534,0
DA:539,0
DA:548,0
DA:550,0
DA:553,0
DA:556,0
DA:559,0
DA:561,0
DA:566,1
DA:570,0
DA:572,0
DA:575,0
DA:578,0
DA:581,0
DA:583,0
DA:588,1
DA:592,0
DA:594,0
DA:597,0
DA:600,0
DA:603,0
DA:605,0
DA:610,1
DA:614,0
DA:616,0
DA:619,0
DA:622,0
DA:625,0
DA:627,0
DA:632,0
DA:641,0
DA:643,0
DA:646,0
DA:649,0
DA:652,0
DA:654,0
DA:659,0
DA:668,0
DA:670,0
DA:673,0
DA:676,0
DA:679,0
DA:681,0
DA:686,0
DA:695,0
DA:697,0
DA:700,0
DA:703,0
DA:706,0
DA:708,0
DA:713,0
DA:720,0
DA:727,0
DA:734,0
DA:741,0
DA:748,0
DA:755,0
DA:763,0
DA:764,0
DA:771,0
DA:779,0
DA:780,0
DA:787,0
DA:795,0
DA:796,0
DA:803,0
DA:812,0
DA:813,0
DA:820,0
DA:830,0
DA:831,0
DA:839,0
DA:849,0
DA:850,0
DA:858,0
DA:867,0
DA:868,0
DA:875,0
DA:882,0
DA:889,0
DA:896,0
DA:903,0
DA:910,0
DA:917,0
DA:924,0
DA:931,0
DA:939,0
DA:940,0
DA:947,0
DA:954,0
DA:961,0
DA:969,0
DA:970,0
DA:977,0
DA:984,0
DA:991,0
DA:999,0
DA:1000,0
DA:1007,0
DA:1016,0
DA:1017,0
DA:1024,0
DA:1033,0
DA:1034,0
DA:1041,0
DA:1050,0
DA:1051,0
DA:1058,0
DA:1065,0
DA:1072,0
DA:1079,0
DA:1086,0
DA:1093,0
DA:1100,0
DA:1108,0
DA:1109,0
DA:1116,0
DA:1124,0
DA:1125,0
DA:1132,0
DA:1140,0
DA:1141,0
DA:1148,0
DA:1157,0
DA:1158,0
DA:1165,0
DA:1175,0
DA:1176,0
DA:1184,0
DA:1194,0
DA:1195,0
DA:1203,0
DA:1212,0
DA:1213,0
DA:1220,0
DA:1227,0
DA:1234,0
DA:1241,0
DA:1248,0
DA:1255,0
DA:1262,0
DA:1269,0
DA:1276,0
DA:1284,0
DA:1285,0
DA:1292,0
DA:1299,0
DA:1306,0
DA:1314,0
DA:1315,0
DA:1322,0
DA:1329,0
DA:1336,0
DA:1344,0
DA:1345,0
DA:1352,0
DA:1361,0
DA:1362,0
DA:1369,0
DA:1378,0
DA:1379,0
DA:1386,0
DA:1395,0
DA:1396,0
LF:213
LH:6
end_of_record
SF:lib/ui/views/admin_badges/admin_badges_view.dart
DA:17,0
DA:20,0
DA:26,0
DA:27,0
DA:30,0
DA:31,0
DA:33,0
DA:36,0
DA:38,0
DA:40,0
DA:43,0
DA:45,0
DA:47,0
DA:49,0
DA:51,0
DA:52,0
DA:55,0
DA:57,0
DA:87,0
DA:88,0
DA:89,0
DA:95,0
DA:96,0
DA:99,0
DA:100,0
DA:101,0
DA:105,0
DA:106,0
DA:108,0
DA:109,0
DA:113,0
DA:114,0
DA:117,0
DA:119,0
DA:122,0
DA:124,0
DA:127,0
DA:149,0
DA:151,0
DA:152,0
DA:154,0
DA:155,0
DA:172,0
DA:176,0
LF:44
LH:0
end_of_record
SF:lib/ui/views/admin_create_badge/admin_create_badge_view.dart
DA:16,0
DA:19,0
DA:25,0
DA:27,0
DA:28,0
DA:29,0
DA:33,0
DA:35,0
DA:36,0
DA:38,0
DA:40,0
DA:47,0
DA:62,0
DA:66,0
DA:82,0
DA:83,0
DA:87,0
DA:94,0
DA:95,0
DA:97,0
DA:107,0
DA:110,0
DA:112,0
DA:113,0
DA:114,0
DA:115,0
DA:143,0
DA:147,0
LF:28
LH:0
end_of_record
SF:lib/ui/views/admin_edit_badge/admin_edit_badge_view.dart
DA:17,0
DA:20,0
DA:26,0
DA:28,0
DA:29,0
DA:30,0
DA:34,0
DA:36,0
DA:37,0
DA:39,0
DA:41,0
DA:48,0
DA:51,0
DA:63,0
DA:67,0
DA:71,0
DA:83,0
DA:84,0
DA:88,0
DA:95,0
DA:96,0
DA:98,0
DA:103,0
DA:104,0
DA:111,0
DA:114,0
DA:118,0
DA:119,0
DA:120,0
DA:121,0
DA:148,0
DA:152,0
LF:32
LH:0
end_of_record
SF:lib/ui/views/admin_moderate/admin_moderate_view.dart
DA:16,1
DA:18,0
DA:24,0
DA:25,0
DA:28,0
DA:29,0
DA:31,0
DA:34,0
DA:36,0
DA:38,0
DA:41,0
DA:43,0
DA:45,0
DA:47,0
DA:49,0
DA:50,0
DA:53,0
DA:55,0
DA:77,0
DA:78,0
DA:79,0
DA:80,0
DA:81,0
DA:86,0
DA:88,0
DA:89,0
DA:92,0
DA:93,0
DA:95,0
DA:96,0
DA:100,0
DA:101,0
DA:105,0
DA:106,0
DA:109,0
DA:111,0
DA:114,0
DA:116,0
DA:119,0
DA:185,0
DA:189,0
LF:41
LH:1
end_of_record
SF:lib/ui/views/counter/counter_view.dart
DA:11,1
DA:13,0
DA:19,0
DA:65,0
DA:69,0
LF:5
LH:1
end_of_record
SF:lib/ui/views/create_deck/create_deck_view.form.dart
DA:14,0
DA:15,0
DA:17,0
DA:19,0
DA:24,0
DA:25,0
DA:26,0
DA:28,0
DA:32,0
DA:33,0
DA:36,0
DA:37,0
DA:38,0
DA:41,0
DA:42,0
DA:43,0
DA:45,0
DA:46,0
DA:51,0
DA:52,0
DA:57,0
DA:62,0
DA:66,0
DA:67,0
DA:68,0
DA:72,0
DA:73,0
DA:74,0
DA:75,0
DA:76,0
DA:81,0
DA:86,0
DA:89,0
DA:90,0
DA:92,0
DA:93,0
DA:96,0
DA:97,0
DA:102,0
DA:103,0
DA:104,0
DA:106,0
DA:107,0
DA:108,0
DA:109,0
DA:114,0
DA:115,0
DA:120,0
DA:121,0
DA:122,0
DA:124,0
DA:125,0
DA:127,0
DA:128,0
DA:132,0
DA:133,0
DA:136,0
DA:137,0
DA:141,0
DA:142,0
DA:143,0
DA:149,0
DA:150,0
DA:153,0
DA:154,0
DA:161,0
DA:162,0
LF:67
LH:0
end_of_record
SF:lib/ui/views/create_deck/create_deck_view.dart
DA:21,0
DA:26,0
DA:32,0
DA:35,0
DA:36,0
DA:37,0
DA:38,0
DA:41,0
DA:43,0
DA:45,0
DA:52,0
DA:54,0
DA:70,0
DA:76,0
DA:87,0
DA:98,0
DA:100,0
DA:102,0
DA:103,0
DA:104,0
DA:106,0
DA:109,0
DA:112,0
DA:116,0
DA:117,0
DA:133,0
DA:137,0
LF:27
LH:0
end_of_record
SF:lib/ui/views/create_flashcard/create_flashcard_view.dart
DA:16,0
DA:21,0
DA:27,0
DA:30,0
DA:31,0
DA:32,0
DA:33,0
DA:36,0
DA:38,0
DA:39,0
DA:41,0
DA:43,0
DA:53,0
DA:54,0
DA:62,0
DA:77,0
DA:81,0
DA:96,0
DA:100,0
DA:103,0
DA:105,0
DA:106,0
DA:107,0
DA:108,0
DA:109,0
DA:122,0
DA:126,0
DA:127,0
DA:128,0
LF:29
LH:0
end_of_record
SF:lib/ui/views/edit_deck/edit_deck_view.dart
DA:15,0
DA:20,0
DA:26,0
DA:29,0
DA:30,0
DA:31,0
DA:32,0
DA:35,0
DA:37,0
DA:38,0
DA:40,0
DA:42,0
DA:49,0
DA:64,0
DA:65,0
DA:69,0
DA:75,0
DA:86,0
DA:97,0
DA:100,0
DA:105,0
DA:106,0
DA:107,0
DA:114,0
DA:117,0
DA:118,0
DA:119,0
DA:120,0
DA:136,0
DA:150,0
DA:153,0
DA:156,0
DA:158,0
DA:159,0
DA:160,0
DA:161,0
DA:162,0
DA:190,0
DA:194,0
LF:39
LH:0
end_of_record
SF:lib/ui/views/em_learning_bar/em_learning_bar_view.dart
DA:7,1
DA:9,0
DA:15,0
DA:16,0
DA:17,0
DA:23,0
DA:27,0
LF:7
LH:1
end_of_record
SF:lib/ui/views/game_matching/game_matching_view.dart
DA:14,0
DA:16,0
DA:22,0
DA:23,0
DA:27,0
DA:28,0
DA:30,0
DA:31,0
DA:33,0
DA:35,0
DA:37,0
DA:38,0
DA:41,0
DA:42,0
DA:43,0
DA:44,0
DA:45,0
DA:46,0
DA:47,0
DA:49,0
DA:50,0
DA:51,0
DA:54,0
DA:55,0
DA:56,0
DA:58,0
DA:61,0
DA:62,0
DA:63,0
DA:64,0
DA:74,0
DA:75,0
DA:76,0
DA:77,0
DA:78,0
DA:79,0
DA:80,0
DA:81,0
DA:82,0
DA:83,0
DA:84,0
DA:87,0
DA:88,0
DA:89,0
DA:92,0
DA:98,0
DA:103,0
DA:104,0
DA:107,0
DA:108,0
DA:109,0
DA:110,0
DA:111,0
DA:113,0
DA:114,0
DA:116,0
DA:117,0
DA:118,0
DA:121,0
DA:122,0
DA:123,0
DA:125,0
DA:128,0
DA:129,0
DA:130,0
DA:131,0
DA:148,0
DA:152,0
LF:68
LH:0
end_of_record
SF:lib/ui/views/game_quiz/game_quiz_view.dart
DA:17,0
DA:20,0
DA:26,0
DA:30,0
DA:31,0
DA:33,0
DA:35,0
DA:36,0
DA:37,0
DA:39,0
DA:40,0
DA:44,0
DA:45,0
DA:50,0
DA:53,0
DA:55,0
DA:58,0
DA:60,0
DA:64,0
DA:65,0
DA:69,0
DA:70,0
DA:76,0
DA:77,0
DA:79,0
DA:84,0
DA:85,0
DA:86,0
DA:92,0
DA:95,0
DA:97,0
DA:112,0
DA:116,0
LF:33
LH:0
end_of_record
SF:lib/ui/views/home/home_view.dart
DA:15,1
DA:17,0
DA:23,0
DA:24,0
DA:25,0
DA:27,0
DA:29,0
DA:30,0
DA:32,0
DA:33,0
DA:34,0
DA:36,0
DA:39,0
DA:41,0
DA:43,0
DA:45,0
DA:47,0
DA:48,0
DA:52,0
DA:54,0
DA:76,0
DA:77,0
DA:78,0
DA:79,0
DA:80,0
DA:81,0
DA:82,0
DA:83,0
DA:85,0
DA:87,0
DA:90,0
DA:92,0
DA:94,0
DA:99,0
DA:101,0
DA:102,0
DA:105,0
DA:106,0
DA:108,0
DA:109,0
DA:113,0
DA:114,0
DA:118,0
DA:119,0
DA:122,0
DA:124,0
DA:127,0
DA:129,0
DA:132,0
DA:161,0
DA:163,0
DA:164,0
DA:170,0
DA:176,0
DA:178,0
DA:194,0
DA:198,0
LF:57
LH:1
end_of_record
SF:lib/ui/views/home_admin/home_admin_view.dart
DA:13,1
DA:15,0
DA:21,0
DA:26,0
DA:27,0
DA:29,0
DA:32,0
DA:34,0
DA:36,0
DA:40,0
DA:42,0
DA:44,0
DA:47,0
DA:55,0
DA:56,0
DA:57,0
DA:68,0
DA:70,0
DA:73,0
DA:75,0
DA:77,0
DA:80,0
DA:88,0
DA:89,0
DA:90,0
DA:105,0
DA:109,0
LF:27
LH:1
end_of_record
SF:lib/ui/views/import_deck/import_deck_view.dart
DA:15,1
DA:17,0
DA:23,0
DA:24,0
DA:31,0
DA:38,0
DA:39,0
DA:41,0
DA:44,0
DA:46,0
DA:48,0
DA:51,0
DA:53,0
DA:55,0
DA:57,0
DA:59,0
DA:60,0
DA:63,0
DA:65,0
DA:87,0
DA:88,0
DA:89,0
DA:95,0
DA:96,0
DA:101,0
DA:103,0
DA:104,0
DA:107,0
DA:108,0
DA:110,0
DA:111,0
DA:115,0
DA:118,0
DA:119,0
DA:120,0
DA:141,0
DA:145,0
LF:37
LH:1
end_of_record
SF:lib/ui/views/leaderboard/leaderboard_view.dart
DA:15,1
DA:17,0
DA:23,0
DA:28,0
DA:29,0
DA:31,0
DA:34,0
DA:36,0
DA:38,0
DA:41,0
DA:44,0
DA:46,0
DA:48,0
DA:50,0
DA:53,0
DA:59,0
DA:61,0
DA:90,0
DA:91,0
DA:92,0
DA:93,0
DA:94,0
DA:95,0
DA:99,0
DA:101,0
DA:103,0
DA:107,0
DA:108,0
DA:128,0
DA:132,0
LF:30
LH:1
end_of_record
SF:lib/ui/views/login/login_view.form.dart
DA:15,0
DA:17,0
DA:19,0
DA:25,0
DA:26,0
DA:27,0
DA:28,0
DA:29,0
DA:30,0
DA:32,0
DA:36,0
DA:37,0
DA:40,0
DA:41,0
DA:42,0
DA:45,0
DA:46,0
DA:47,0
DA:49,0
DA:50,0
DA:55,0
DA:56,0
DA:57,0
DA:62,0
DA:67,0
DA:68,0
DA:72,0
DA:73,0
DA:74,0
DA:78,0
DA:79,0
DA:80,0
DA:81,0
DA:82,0
DA:83,0
DA:88,0
DA:93,0
DA:96,0
DA:97,0
DA:99,0
DA:100,0
DA:103,0
DA:104,0
DA:109,0
DA:110,0
DA:111,0
DA:112,0
DA:114,0
DA:115,0
DA:116,0
DA:117,0
DA:122,0
DA:123,0
DA:127,0
DA:128,0
DA:129,0
DA:130,0
DA:135,0
DA:136,0
DA:140,0
DA:141,0
DA:142,0
DA:143,0
DA:144,0
DA:145,0
DA:147,0
DA:148,0
DA:149,0
DA:150,0
DA:152,0
DA:153,0
DA:154,0
DA:155,0
DA:159,0
DA:160,0
DA:161,0
DA:162,0
DA:165,0
DA:166,0
DA:167,0
DA:171,0
DA:172,0
DA:173,0
DA:174,0
DA:180,0
DA:181,0
DA:184,0
DA:185,0
DA:192,0
DA:193,0
DA:194,0
LF:91
LH:0
end_of_record
SF:lib/ui/views/login/login_view.dart
DA:23,0
DA:26,0
DA:32,0
DA:34,0
DA:36,0
DA:37,0
DA:38,0
DA:40,0
DA:42,0
DA:61,0
DA:63,0
DA:87,0
DA:91,0
DA:111,0
DA:112,0
DA:113,0
DA:114,0
DA:115,0
DA:116,0
DA:124,0
DA:125,0
DA:126,0
DA:127,0
DA:133,0
DA:134,0
DA:135,0
DA:140,0
DA:143,0
DA:144,0
DA:145,0
DA:159,0
DA:161,0
DA:165,0
DA:167,0
DA:168,0
DA:172,0
DA:176,0
LF:37
LH:0
end_of_record
SF:lib/ui/views/progress/progress_view.dart
DA:17,1
DA:19,0
DA:25,0
DA:30,0
DA:31,0
DA:33,0
DA:36,0
DA:37,0
DA:39,0
DA:43,0
DA:45,0
DA:47,0
DA:49,0
DA:52,0
DA:59,0
DA:60,0
DA:61,0
DA:67,0
DA:68,0
DA:69,0
DA:70,0
DA:71,0
DA:72,0
DA:73,0
DA:75,0
DA:76,0
DA:77,0
DA:78,0
DA:85,0
DA:86,0
DA:87,0
DA:89,0
DA:93,0
DA:96,0
DA:98,0
DA:100,0
DA:103,0
DA:110,0
DA:113,0
DA:115,0
DA:116,0
DA:123,0
DA:124,0
DA:125,0
DA:126,0
DA:135,0
DA:137,0
DA:141,0
DA:144,0
DA:146,0
DA:148,0
DA:151,0
DA:158,0
DA:159,0
DA:161,0
DA:162,0
DA:163,0
DA:164,0
DA:165,0
DA:168,0
DA:169,0
DA:170,0
DA:174,0
DA:175,0
DA:215,0
DA:219,0
LF:66
LH:1
end_of_record
SF:lib/ui/views/register/register_view.form.dart
DA:17,0
DA:18,0
DA:20,0
DA:22,0
DA:30,0
DA:31,0
DA:32,0
DA:33,0
DA:34,0
DA:35,0
DA:36,0
DA:37,0
DA:38,0
DA:39,0
DA:40,0
DA:41,0
DA:42,0
DA:44,0
DA:48,0
DA:49,0
DA:52,0
DA:53,0
DA:54,0
DA:57,0
DA:58,0
DA:59,0
DA:61,0
DA:62,0
DA:67,0
DA:68,0
DA:69,0
DA:70,0
DA:71,0
DA:76,0
DA:81,0
DA:82,0
DA:83,0
DA:84,0
DA:88,0
DA:89,0
DA:90,0
DA:94,0
DA:95,0
DA:96,0
DA:97,0
DA:98,0
DA:99,0
DA:100,0
DA:101,0
DA:106,0
DA:111,0
DA:114,0
DA:115,0
DA:117,0
DA:118,0
DA:121,0
DA:122,0
DA:127,0
DA:128,0
DA:129,0
DA:130,0
DA:131,0
DA:132,0
DA:133,0
DA:135,0
DA:136,0
DA:137,0
DA:138,0
DA:143,0
DA:144,0
DA:148,0
DA:149,0
DA:150,0
DA:151,0
DA:156,0
DA:157,0
DA:161,0
DA:162,0
DA:163,0
DA:164,0
DA:169,0
DA:170,0
DA:174,0
DA:175,0
DA:176,0
DA:177,0
DA:182,0
DA:184,0
DA:189,0
DA:190,0
DA:191,0
DA:192,0
DA:193,0
DA:194,0
DA:195,0
DA:196,0
DA:197,0
DA:198,0
DA:199,0
DA:200,0
DA:202,0
DA:203,0
DA:204,0
DA:205,0
DA:206,0
DA:207,0
DA:208,0
DA:209,0
DA:212,0
DA:213,0
DA:214,0
DA:215,0
DA:216,0
DA:217,0
DA:218,0
DA:219,0
DA:223,0
DA:224,0
DA:225,0
DA:226,0
DA:227,0
DA:228,0
DA:229,0
DA:230,0
DA:234,0
DA:235,0
DA:236,0
DA:237,0
DA:238,0
DA:242,0
DA:243,0
DA:244,0
DA:245,0
DA:246,0
DA:247,0
DA:253,0
DA:254,0
DA:257,0
DA:258,0
DA:265,0
DA:266,0
DA:267,0
DA:268,0
DA:269,0
LF:144
LH:0
end_of_record
SF:lib/ui/views/register/register_view.dart
DA:35,0
DA:38,0
DA:44,0
DA:45,0
DA:47,0
DA:48,0
DA:49,0
DA:51,0
DA:53,0
DA:71,0
DA:72,0
DA:74,0
DA:95,0
DA:96,0
DA:98,0
DA:119,0
DA:120,0
DA:122,0
DA:144,0
DA:145,0
DA:147,0
DA:161,0
DA:162,0
DA:163,0
DA:166,0
DA:167,0
DA:168,0
DA:169,0
DA:173,0
DA:174,0
DA:181,0
DA:182,0
DA:183,0
DA:188,0
DA:191,0
DA:192,0
DA:193,0
DA:207,0
DA:209,0
DA:213,0
DA:215,0
DA:216,0
DA:219,0
DA:223,0
LF:44
LH:0
end_of_record
SF:lib/ui/views/session_chooser/session_chooser_view.dart
DA:15,0
DA:16,0
DA:18,0
DA:26,0
DA:30,0
DA:31,0
DA:33,0
DA:36,0
DA:37,0
DA:38,0
DA:42,0
DA:44,0
DA:47,0
DA:49,0
DA:51,0
DA:53,0
DA:55,0
DA:63,0
DA:65,0
DA:66,0
DA:70,0
DA:72,0
DA:74,0
DA:75,0
DA:77,0
DA:78,0
DA:90,0
DA:92,0
DA:95,0
DA:97,0
DA:99,0
DA:101,0
DA:103,0
DA:118,0
DA:120,0
DA:122,0
DA:123,0
DA:125,0
DA:126,0
DA:132,0
DA:134,0
DA:135,0
DA:154,0
DA:158,0
LF:44
LH:0
end_of_record
SF:lib/ui/views/session_learning/session_learning_view.dart
DA:13,0
DA:15,0
DA:21,0
DA:22,0
DA:24,0
DA:25,0
DA:27,0
DA:33,0
DA:34,0
DA:36,0
DA:37,0
DA:38,0
DA:41,0
DA:47,0
DA:49,0
DA:50,0
DA:51,0
DA:53,0
DA:54,0
DA:55,0
DA:56,0
DA:61,0
DA:66,0
DA:68,0
DA:70,0
DA:74,0
DA:75,0
DA:77,0
DA:78,0
DA:79,0
DA:80,0
DA:81,0
DA:82,0
DA:88,0
DA:91,0
DA:92,0
DA:93,0
DA:94,0
DA:95,0
DA:106,0
DA:107,0
DA:108,0
DA:109,0
DA:110,0
DA:115,0
DA:120,0
DA:122,0
DA:124,0
DA:135,0
DA:136,0
DA:138,0
DA:139,0
DA:140,0
DA:141,0
DA:142,0
DA:143,0
DA:149,0
DA:152,0
DA:153,0
DA:154,0
DA:155,0
DA:161,0
DA:162,0
DA:163,0
DA:169,0
DA:170,0
DA:171,0
DA:186,0
DA:190,0
LF:69
LH:0
end_of_record
SF:lib/ui/views/startup/startup_view.dart
DA:9,1
DA:11,0
DA:55,0
DA:59,0
DA:61,0
DA:62,0
DA:63,0
LF:7
LH:1
end_of_record
SF:lib/ui/views/user_settings/user_settings_view.dart
DA:15,0
DA:19,0
DA:25,0
DA:28,0
DA:29,0
DA:30,0
DA:31,0
DA:34,0
DA:36,0
DA:37,0
DA:39,0
DA:41,0
DA:54,0
DA:68,0
DA:69,0
DA:74,0
DA:77,0
DA:84,0
DA:97,0
DA:101,0
LF:20
LH:0
end_of_record
SF:lib/ui/common/app_colors.dart
DA:9,0
LF:1
LH:0
end_of_record
SF:lib/ui/common/ui_helpers.dart
DA:22,0
DA:30,0
DA:32,0
DA:33,0
DA:35,0
DA:37,0
DA:39,0
DA:41,0
DA:43,0
DA:44,0
DA:46,0
DA:47,0
DA:49,0
DA:50,0
DA:52,0
DA:53,0
DA:54,0
DA:55,0
DA:57,0
DA:58,0
DA:60,0
DA:61,0
DA:63,0
DA:64,0
DA:66,0
DA:67,0
DA:69,0
DA:73,0
DA:74,0
LF:29
LH:0
end_of_record
SF:lib/ui/widgets/em_appbar.dart
DA:8,12
DA:10,0
DA:12,0
DA:13,0
DA:14,0
DA:19,0
DA:23,0
LF:7
LH:1
end_of_record
SF:lib/ui/widgets/em_bottombar/em_bottombar.dart
DA:7,10
DA:9,0
DA:15,0
DA:36,0
DA:37,0
DA:38,0
DA:39,0
DA:44,0
DA:45,0
LF:9
LH:1
end_of_record
SF:lib/ui/widgets/em_circular.dart
DA:4,14
DA:6,0
LF:2
LH:1
end_of_record
SF:lib/ui/widgets/em_scaffold.dart
DA:14,0
DA:23,0
DA:25,0
DA:26,0
DA:27,0
DA:29,0
DA:30,0
DA:31,0
LF:8
LH:0
end_of_record
SF:lib/ui/views/admin_badges/admin_badges_viewmodel.dart
DA:16,0
DA:17,0
DA:19,0
DA:20,0
DA:21,0
DA:22,0
DA:24,0
DA:27,0
DA:28,0
DA:32,0
DA:35,0
DA:36,0
DA:37,0
DA:38,0
DA:42,0
DA:46,0
DA:48,0
DA:49,0
DA:51,0
DA:52,0
DA:58,0
DA:59,0
DA:62,0
DA:63,0
LF:24
LH:0
end_of_record
SF:lib/ui/views/admin_create_badge/admin_create_badge_viewmodel.dart
DA:25,0
DA:28,0
DA:31,0
DA:35,0
DA:38,0
DA:43,0
DA:45,0
DA:46,0
DA:50,0
DA:51,0
DA:54,0
DA:55,0
LF:12
LH:0
end_of_record
SF:lib/ui/views/admin_edit_badge/admin_edit_badge_viewmodel.dart
DA:21,0
DA:30,0
DA:31,0
DA:33,0
DA:34,0
DA:35,0
DA:36,0
DA:37,0
DA:40,0
DA:41,0
DA:42,0
DA:43,0
DA:46,0
DA:47,0
DA:53,0
DA:54,0
DA:58,0
DA:59,0
DA:62,0
DA:63,0
LF:20
LH:0
end_of_record
SF:lib/ui/views/admin_moderate/admin_moderate_viewmodel.dart
DA:15,0
DA:16,0
DA:18,0
DA:19,0
DA:20,0
DA:22,0
DA:25,0
DA:26,0
DA:35,0
DA:36,0
DA:40,0
DA:43,0
DA:44,0
DA:45,0
DA:46,0
DA:50,0
DA:54,0
DA:56,0
DA:57,0
LF:19
LH:0
end_of_record
SF:lib/ui/views/counter/counter_viewmodel.dart
DA:19,0
DA:27,0
DA:28,0
DA:50,0
DA:81,0
DA:82,0
DA:83,0
LF:7
LH:0
end_of_record
SF:lib/ui/views/create_deck/create_deck_viewmodel.dart
DA:18,0
DA:20,0
DA:22,0
DA:23,0
DA:26,0
DA:31,0
DA:32,0
DA:37,0
DA:38,0
LF:9
LH:0
end_of_record
SF:lib/ui/views/create_flashcard/create_flashcard_viewmodel.dart
DA:17,0
DA:22,0
DA:26,0
DA:29,0
DA:31,0
DA:41,0
DA:42,0
DA:45,0
DA:46,0
DA:51,0
DA:52,0
LF:11
LH:0
end_of_record
SF:lib/ui/views/edit_deck/edit_deck_viewmodel.dart
DA:14,0
DA:22,0
DA:23,0
DA:25,0
DA:27,0
DA:28,0
DA:29,0
DA:30,0
DA:31,0
DA:35,0
DA:38,0
DA:47,0
DA:49,0
DA:72,0
DA:73,0
DA:76,0
DA:77,0
DA:80,0
DA:81,0
DA:85,0
DA:86,0
DA:87,0
DA:92,0
DA:93,0
LF:24
LH:0
end_of_record
SF:lib/ui/views/game_matching/game_matching_viewmodel.dart
DA:17,0
DA:50,0
DA:51,0
DA:53,0
DA:54,0
DA:55,0
DA:57,0
DA:58,0
DA:59,0
DA:60,0
DA:65,0
DA:66,0
DA:67,0
DA:68,0
DA:69,0
DA:71,0
DA:72,0
DA:76,0
DA:79,0
DA:80,0
DA:81,0
DA:82,0
DA:85,0
DA:86,0
DA:87,0
DA:88,0
DA:89,0
DA:91,0
DA:92,0
DA:95,0
DA:98,0
DA:99,0
DA:100,0
DA:101,0
DA:102,0
DA:105,0
DA:106,0
DA:107,0
DA:109,0
DA:110,0
DA:111,0
DA:112,0
DA:115,0
DA:117,0
DA:118,0
DA:121,0
DA:123,0
DA:126,0
DA:127,0
DA:128,0
DA:129,0
DA:130,0
DA:131,0
DA:132,0
DA:133,0
DA:134,0
DA:135,0
DA:136,0
DA:137,0
DA:138,0
DA:139,0
DA:140,0
DA:144,0
DA:145,0
DA:146,0
DA:147,0
DA:148,0
DA:149,0
DA:150,0
DA:151,0
DA:152,0
DA:157,0
DA:158,0
DA:159,0
DA:161,0
DA:163,0
LF:76
LH:0
end_of_record
SF:lib/ui/views/game_quiz/game_quiz_viewmodel.dart
DA:15,0
DA:36,0
DA:37,0
DA:39,0
DA:40,0
DA:41,0
DA:42,0
DA:45,0
DA:46,0
DA:47,0
DA:48,0
DA:49,0
DA:52,0
DA:53,0
DA:59,0
DA:60,0
DA:61,0
DA:63,0
DA:64,0
DA:65,0
DA:66,0
DA:67,0
DA:68,0
DA:70,0
DA:75,0
DA:79,0
DA:81,0
DA:82,0
DA:83,0
DA:87,0
DA:88,0
DA:89,0
DA:92,0
DA:94,0
DA:95,0
DA:96,0
DA:97,0
DA:102,0
DA:104,0
DA:107,0
DA:109,0
DA:110,0
DA:111,0
LF:43
LH:0
end_of_record
SF:lib/ui/views/home_admin/home_admin_viewmodel.dart
DA:9,0
DA:10,0
DA:13,0
DA:14,0
LF:4
LH:0
end_of_record
SF:lib/ui/views/import_deck/import_deck_viewmodel.dart
DA:16,0
DA:17,0
DA:19,0
DA:20,0
DA:21,0
DA:24,0
DA:25,0
DA:26,0
DA:27,0
DA:28,0
DA:30,0
DA:31,0
DA:32,0
DA:33,0
LF:14
LH:0
end_of_record
SF:lib/ui/views/leaderboard/leaderboard_viewmodel.dart
DA:11,0
DA:12,0
DA:14,0
DA:15,0
LF:4
LH:0
end_of_record
SF:lib/ui/views/login/login_viewmodel.dart
DA:12,0
DA:15,0
DA:16,0
DA:17,0
DA:19,0
DA:22,0
DA:24,0
DA:25,0
DA:26,0
DA:31,0
DA:32,0
DA:37,0
DA:38,0
DA:42,0
DA:43,0
DA:49,0
DA:50,0
LF:17
LH:0
end_of_record
SF:lib/ui/views/progress/deck_stats.dart
DA:2,0
LF:1
LH:0
end_of_record
SF:lib/ui/views/progress/progress_viewmodel.dart
DA:25,0
DA:26,0
DA:28,0
DA:29,0
DA:30,0
DA:31,0
DA:32,0
DA:33,0
DA:34,0
DA:35,0
DA:37,0
DA:38,0
DA:41,0
DA:42,0
DA:43,0
DA:45,0
DA:46,0
DA:47,0
LF:18
LH:0
end_of_record
SF:lib/ui/views/register/register_viewmodel.dart
DA:13,0
DA:16,0
DA:19,0
DA:20,0
DA:22,0
DA:26,0
DA:27,0
DA:32,0
DA:33,0
DA:36,0
DA:39,0
DA:45,0
DA:46,0
DA:50,0
DA:51,0
DA:57,0
DA:58,0
DA:61,0
DA:64,0
DA:67,0
DA:73,0
DA:74,0
DA:78,0
LF:23
LH:0
end_of_record
SF:lib/ui/views/session_chooser/session_chooser_viewmodel.dart
DA:11,0
DA:23,0
DA:24,0
DA:26,0
DA:28,0
DA:31,0
DA:32,0
DA:33,0
DA:35,0
DA:36,0
DA:37,0
DA:40,0
DA:41,0
DA:42,0
DA:43,0
DA:44,0
DA:45,0
DA:46,0
DA:47,0
DA:49,0
DA:53,0
DA:54,0
DA:57,0
DA:58,0
DA:61,0
DA:62,0
LF:26
LH:0
end_of_record
SF:lib/ui/views/session_learning/session_learning_viewmodel.dart
DA:13,0
DA:29,0
DA:30,0
DA:32,0
DA:33,0
DA:36,0
DA:37,0
DA:38,0
DA:40,0
DA:41,0
DA:42,0
DA:45,0
DA:46,0
DA:47,0
DA:48,0
DA:49,0
DA:50,0
DA:51,0
DA:52,0
DA:55,0
DA:56,0
DA:58,0
DA:59,0
DA:60,0
DA:62,0
DA:63,0
DA:65,0
DA:66,0
DA:68,0
DA:69,0
DA:72,0
DA:73,0
DA:74,0
DA:76,0
DA:77,0
DA:79,0
DA:83,0
DA:86,0
DA:87,0
DA:88,0
DA:91,0
DA:92,0
DA:93,0
DA:94,0
DA:95,0
DA:98,0
DA:99,0
DA:105,0
DA:106,0
DA:108,0
LF:50
LH:0
end_of_record
SF:lib/ui/views/startup/startup_viewmodel.dart
DA:14,0
DA:15,0
DA:16,0
DA:18,0
LF:4
LH:0
end_of_record
SF:lib/ui/views/user_settings/user_settings_viewmodel.dart
DA:16,0
DA:17,0
DA:19,0
DA:20,0
DA:21,0
DA:22,0
DA:24,0
DA:25,0
DA:26,0
DA:27,0
DA:28,0
DA:29,0
DA:32,0
DA:33,0
DA:37,0
DA:38,0
DA:39,0
DA:40,0
DA:43,0
DA:44,0
DA:45,0
DA:46,0
DA:49,0
DA:50,0
DA:51,0
LF:25
LH:0
end_of_record
SF:lib/ui/widgets/em_bottombar/em_bottombar_model.dart
DA:12,0
DA:14,0
DA:16,0
DA:17,0
DA:18,0
DA:19,0
DA:21,0
DA:22,0
DA:23,0
DA:24,0
DA:26,0
DA:27,0
DA:28,0
DA:29,0
DA:33,0
DA:36,0
DA:38,0
LF:17
LH:0
end_of_record
SF:lib/ui/widgets/em_drawer/em_drawer.dart
DA:9,1
DA:11,0
DA:17,0
DA:18,0
DA:21,0
DA:34,0
DA:40,0
DA:41,0
DA:44,0
DA:50,0
DA:51,0
DA:54,0
DA:60,0
DA:61,0
DA:68,0
DA:69,0
LF:16
LH:1
end_of_record
SF:lib/ui/widgets/em_drawer/em_drawer_model.dart
DA:12,0
DA:14,0
DA:16,0
DA:17,0
DA:18,0
DA:19,0
DA:21,0
DA:22,0
DA:23,0
DA:24,0
DA:26,0
DA:27,0
DA:28,0
DA:29,0
DA:33,0
DA:36,0
DA:38,0
LF:17
LH:0
end_of_record
